<?xml version="1.0" encoding="UTF-8"?>
<!-- Generated by org.testng.reporters.JUnitReportReporter -->
<testsuite hostname="LAPTOP-077COGF2" failures="0" tests="1" name="restAsssuredTests.Demo2_POST_Requestt" time="3.782" errors="0" timestamp="2021-09-10T15:01:22 BST" skipped="0">
  <testcase classname="restAsssuredTests.Demo2_POST_Requestt" name="testPOST" time="3.782"/>
  <system-out/>
</testsuite> <!-- restAsssuredTests.Demo2_POST_Requestt -->
