<?xml version="1.0" encoding="UTF-8"?>
<!-- Generated by org.testng.reporters.JUnitReportReporter -->
<testsuite hostname="LAPTOP-077COGF2" failures="0" tests="1" name="restAsssuredTests.Demo4_DELETE_REQUEST" time="2.166" errors="0" timestamp="2021-09-08T23:38:27 BST" skipped="0">
  <testcase classname="restAsssuredTests.Demo4_DELETE_REQUEST" name="testPUT" time="2.166"/>
  <system-out/>
</testsuite> <!-- restAsssuredTests.Demo4_DELETE_REQUEST -->
