<?xml version="1.0" encoding="UTF-8"?>
<!-- Generated by org.testng.reporters.JUnitReportReporter -->
<testsuite hostname="LAPTOP-077COGF2" failures="0" tests="1" name="restAsssuredTests.Demo3_PUT_Request" time="2.001" errors="0" timestamp="2021-09-08T22:18:30 BST" skipped="0">
  <testcase classname="restAsssuredTests.Demo3_PUT_Request" name="testPUT" time="2.001"/>
  <system-out/>
</testsuite> <!-- restAsssuredTests.Demo3_PUT_Request -->
