<?xml version="1.0" encoding="UTF-8"?>
<!-- Generated by org.testng.reporters.JUnitReportReporter -->
<testsuite hostname="LAPTOP-077COGF2" failures="0" tests="1" name="restAsssuredTests.Demo1_GET_Request" time="2.362" errors="0" timestamp="2021-09-08T22:59:42 BST" skipped="0">
  <testcase classname="restAsssuredTests.Demo1_GET_Request" name="getWeather" time="2.362"/>
  <system-out/>
</testsuite> <!-- restAsssuredTests.Demo1_GET_Request -->
